# JRE version: Java(TM) SE Runtime Environment (18.0.2.1+1) (build 18.0.2.1+1-1)
# Java VM: Java HotSpot(TM) 64-Bit Server VM (18.0.2.1+1-1, mixed mode, sharing, tiered, compressed oops, compressed class ptrs, g1 gc, windows-amd64)
GC Precious Log:
 CardTable entry size: 512
 Card Set container configuration: InlinePtr #cards 5 size 8 Array Of Cards #cards 12 size 40 Howl #buckets 4 coarsen threshold 1843 Howl Bitmap #cards 512 size 80 coarsen threshold 460 Card regions per heap region 1 cards per card region 2048
 CPUs: 8 total, 8 available
 Memory: 7959M
 Large Page Support: Disabled
 NUMA Support: Disabled
 Compressed Oops: Enabled (32-bit)
 Heap Region Size: 1M
 Heap Min Capacity: 8M
 Heap Initial Capacity: 126M
 Heap Max Capacity: 1990M
 Pre-touch: Disabled
 Parallel Workers: 8
 Concurrent Workers: 2
 Concurrent Refinement Workers: 8
 Periodic GC: Disabled
Heap:
 garbage-first heap   total 51200K, used 27031K [0x0000000083a00000, 0x0000000100000000)
  region size 1024K, 6 young (6144K), 2 survivors (2048K)
 Metaspace       used 56800K, committed 57472K, reserved 1114112K
  class space    used 7632K, committed 7936K, reserved 1048576K
GC Heap History (20 events):
Event: 11.329 GC heap before
{Heap before GC invocations=5 (full 0):
 garbage-first heap   total 51200K, used 16581K [0x0000000083a00000, 0x0000000100000000)
  region size 1024K, 5 young (5120K), 4 survivors (4096K)
 Metaspace       used 26491K, committed 26944K, reserved 1114112K
  class space    used 3287K, committed 3520K, reserved 1048576K
}
Event: 11.335 GC heap after
{Heap after GC invocations=6 (full 0):
 garbage-first heap   total 51200K, used 16134K [0x0000000083a00000, 0x0000000100000000)
  region size 1024K, 1 young (1024K), 1 survivors (1024K)
 Metaspace       used 26491K, committed 26944K, reserved 1114112K
  class space    used 3287K, committed 3520K, reserved 1048576K
}
Event: 12.702 GC heap before
{Heap before GC invocations=6 (full 0):
 garbage-first heap   total 51200K, used 34566K [0x0000000083a00000, 0x0000000100000000)
  region size 1024K, 20 young (20480K), 1 survivors (1024K)
 Metaspace       used 29527K, committed 30016K, reserved 1114112K
  class space    used 3673K, committed 3904K, reserved 1048576K
}
Event: 12.707 GC heap after
{Heap after GC invocations=7 (full 0):
 garbage-first heap   total 51200K, used 16889K [0x0000000083a00000, 0x0000000100000000)
  region size 1024K, 2 young (2048K), 2 survivors (2048K)
 Metaspace       used 29527K, committed 30016K, reserved 1114112K
  class space    used 3673K, committed 3904K, reserved 1048576K
}
Event: 14.687 GC heap before
{Heap before GC invocations=7 (full 0):
 garbage-first heap   total 51200K, used 35321K [0x0000000083a00000, 0x0000000100000000)
  region size 1024K, 22 young (22528K), 2 survivors (2048K)
 Metaspace       used 35560K, committed 36096K, reserved 1114112K
  class space    used 4573K, committed 4800K, reserved 1048576K
}
Event: 14.693 GC heap after
{Heap after GC invocations=8 (full 0):
 garbage-first heap   total 51200K, used 18103K [0x0000000083a00000, 0x0000000100000000)
  region size 1024K, 3 young (3072K), 3 survivors (3072K)
 Metaspace       used 35560K, committed 36096K, reserved 1114112K
  class space    used 4573K, committed 4800K, reserved 1048576K
}
Event: 16.104 GC heap before
{Heap before GC invocations=9 (full 0):
 garbage-first heap   total 51200K, used 37559K [0x0000000083a00000, 0x0000000100000000)
  region size 1024K, 23 young (23552K), 3 survivors (3072K)
 Metaspace       used 40979K, committed 41536K, reserved 1114112K
  class space    used 5254K, committed 5504K, reserved 1048576K
}
Event: 16.110 GC heap after
{Heap after GC invocations=10 (full 0):
 garbage-first heap   total 51200K, used 19703K [0x0000000083a00000, 0x0000000100000000)
  region size 1024K, 3 young (3072K), 3 survivors (3072K)
 Metaspace       used 40979K, committed 41536K, reserved 1114112K
  class space    used 5254K, committed 5504K, reserved 1048576K
}
Event: 16.164 GC heap before
{Heap before GC invocations=10 (full 0):
 garbage-first heap   total 51200K, used 20727K [0x0000000083a00000, 0x0000000100000000)
  region size 1024K, 4 young (4096K), 3 survivors (3072K)
 Metaspace       used 41252K, committed 41792K, reserved 1114112K
  class space    used 5287K, committed 5568K, reserved 1048576K
}
Event: 16.170 GC heap after
{Heap after GC invocations=11 (full 0):
 garbage-first heap   total 51200K, used 19745K [0x0000000083a00000, 0x0000000100000000)
  region size 1024K, 1 young (1024K), 1 survivors (1024K)
 Metaspace       used 41252K, committed 41792K, reserved 1114112K
  class space    used 5287K, committed 5568K, reserved 1048576K
}
Event: 17.346 GC heap before
{Heap before GC invocations=11 (full 0):
 garbage-first heap   total 51200K, used 38177K [0x0000000083a00000, 0x0000000100000000)
  region size 1024K, 20 young (20480K), 1 survivors (1024K)
 Metaspace       used 47250K, committed 47744K, reserved 1114112K
  class space    used 6287K, committed 6528K, reserved 1048576K
}
Event: 17.348 GC heap after
{Heap after GC invocations=12 (full 0):
 garbage-first heap   total 51200K, used 20366K [0x0000000083a00000, 0x0000000100000000)
  region size 1024K, 2 young (2048K), 2 survivors (2048K)
 Metaspace       used 47250K, committed 47744K, reserved 1114112K
  class space    used 6287K, committed 6528K, reserved 1048576K
}
Event: 18.453 GC heap before
{Heap before GC invocations=12 (full 0):
 garbage-first heap   total 51200K, used 38798K [0x0000000083a00000, 0x0000000100000000)
  region size 1024K, 21 young (21504K), 2 survivors (2048K)
 Metaspace       used 51736K, committed 52288K, reserved 1114112K
  class space    used 6890K, committed 7168K, reserved 1048576K
}
Event: 18.457 GC heap after
{Heap after GC invocations=13 (full 0):
 garbage-first heap   total 51200K, used 21733K [0x0000000083a00000, 0x0000000100000000)
  region size 1024K, 3 young (3072K), 3 survivors (3072K)
 Metaspace       used 51736K, committed 52288K, reserved 1114112K
  class space    used 6890K, committed 7168K, reserved 1048576K
}
Event: 19.161 GC heap before
{Heap before GC invocations=13 (full 0):
 garbage-first heap   total 51200K, used 40165K [0x0000000083a00000, 0x0000000100000000)
  region size 1024K, 21 young (21504K), 3 survivors (3072K)
 Metaspace       used 53663K, committed 54272K, reserved 1114112K
  class space    used 7198K, committed 7488K, reserved 1048576K
}
Event: 19.168 GC heap after
{Heap after GC invocations=14 (full 0):
 garbage-first heap   total 51200K, used 23350K [0x0000000083a00000, 0x0000000100000000)
  region size 1024K, 3 young (3072K), 3 survivors (3072K)
 Metaspace       used 53663K, committed 54272K, reserved 1114112K
  class space    used 7198K, committed 7488K, reserved 1048576K
}
Event: 19.714 GC heap before
{Heap before GC invocations=14 (full 0):
 garbage-first heap   total 51200K, used 40758K [0x0000000083a00000, 0x0000000100000000)
  region size 1024K, 20 young (20480K), 3 survivors (3072K)
 Metaspace       used 55338K, committed 55936K, reserved 1114112K
  class space    used 7419K, committed 7680K, reserved 1048576K
}
Event: 19.721 GC heap after
{Heap after GC invocations=15 (full 0):
 garbage-first heap   total 51200K, used 24790K [0x0000000083a00000, 0x0000000100000000)
  region size 1024K, 2 young (2048K), 2 survivors (2048K)
 Metaspace       used 55338K, committed 55936K, reserved 1114112K
  class space    used 7419K, committed 7680K, reserved 1048576K
}
Event: 565.112 GC heap before
{Heap before GC invocations=15 (full 0):
 garbage-first heap   total 51200K, used 41174K [0x0000000083a00000, 0x0000000100000000)
  region size 1024K, 18 young (18432K), 2 survivors (2048K)
 Metaspace       used 56059K, committed 56704K, reserved 1114112K
  class space    used 7499K, committed 7808K, reserved 1048576K
}
Event: 565.253 GC heap after
{Heap after GC invocations=16 (full 0):
 garbage-first heap   total 51200K, used 24983K [0x0000000083a00000, 0x0000000100000000)
  region size 1024K, 2 young (2048K), 2 survivors (2048K)
 Metaspace       used 56059K, committed 56704K, reserved 1114112K
  class space    used 7499K, committed 7808K, reserved 1048576K
}

